<?xml version="1.0" encoding="UTF-8"?>
<!-- Generated by org.testng.reporters.JUnitReportReporter -->
<testsuite hostname="SKY-20170926VKU" name="com.guoya.FirstNewTestNG" tests="1" failures="0" timestamp="5 Nov 2017 03:04:35 GMT" time="0.850" errors="0">
  <testcase name="username" time="0.850" classname="com.guoya.FirstNewTestNG"/>
</testsuite> <!-- com.guoya.FirstNewTestNG -->
